Flow report for task4_serial_scan
Sat Nov 02 14:40:11 2019
Quartus Prime Version 17.1.0 Build 590 10/25/2017 SJ Standard Edition


---------------------
; Table of Contents ;
---------------------
  1. Legal Notice
  2. Flow Summary
  3. Flow Settings
  4. Flow Non-Default Global Settings
  5. Flow Elapsed Time
  6. Flow OS Summary
  7. Flow Log
  8. Flow Messages
  9. Flow Suppressed Messages



----------------
; Legal Notice ;
----------------
Copyright (C) 2017  Intel Corporation. All rights reserved.
Your use of Intel Corporation's design tools, logic functions 
and other software and tools, and its AMPP partner logic 
functions, and any output files from any of the foregoing 
(including device programming or simulation files), and any 
associated documentation or information are expressly subject 
to the terms and conditions of the Intel Program License 
Subscription Agreement, the Intel Quartus Prime License Agreement,
the Intel FPGA IP License Agreement, or other applicable license
agreement, including, without limitation, that your use is for
the sole purpose of programming logic devices manufactured by
Intel and sold by Intel or its authorized distributors.  Please
refer to the applicable agreement for further details.



+--------------------------------------------------------------------------------------+
; Flow Summary                                                                         ;
+------------------------------------+-------------------------------------------------+
; Flow Status                        ; Successful - Sat Nov 02 14:40:11 2019           ;
; Quartus Prime Version              ; 17.1.0 Build 590 10/25/2017 SJ Standard Edition ;
; Revision Name                      ; task4_serial_scan                               ;
; Top-level Entity Name              ; task4_serial_scan                               ;
; Family                             ; Cyclone IV E                                    ;
; Device                             ; EP4CE6E22C8                                     ;
; Timing Models                      ; Final                                           ;
; Total logic elements               ; 117 / 6,272 ( 2 % )                             ;
;     Total combinational functions  ; 110 / 6,272 ( 2 % )                             ;
;     Dedicated logic registers      ; 68 / 6,272 ( 1 % )                              ;
; Total registers                    ; 68                                              ;
; Total pins                         ; 13 / 92 ( 14 % )                                ;
; Total virtual pins                 ; 0                                               ;
; Total memory bits                  ; 0 / 276,480 ( 0 % )                             ;
; Embedded Multiplier 9-bit elements ; 0 / 30 ( 0 % )                                  ;
; Total PLLs                         ; 0 / 2 ( 0 % )                                   ;
+------------------------------------+-------------------------------------------------+


+-----------------------------------------+
; Flow Settings                           ;
+-------------------+---------------------+
; Option            ; Setting             ;
+-------------------+---------------------+
; Start date & time ; 11/02/2019 14:39:40 ;
; Main task         ; Compilation         ;
; Revision Name     ; task4_serial_scan   ;
+-------------------+---------------------+


+--------------------------------------------------------------------------------------------------------------------------------------------+
; Flow Non-Default Global Settings                                                                                                           ;
+--------------------------------------+-------------------------------------------+---------------+-------------+---------------------------+
; Assignment Name                      ; Value                                     ; Default Value ; Entity Name ; Section Id                ;
+--------------------------------------+-------------------------------------------+---------------+-------------+---------------------------+
; COMPILER_SIGNATURE_ID                ; 246562426173594.157267677917560           ; --            ; --          ; --                        ;
; EDA_DESIGN_INSTANCE_NAME             ; NA                                        ; --            ; --          ; task4_serial_scan_vhd_tst ;
; EDA_NATIVELINK_SIMULATION_TEST_BENCH ; task4_serial_scan_vhd_tst                 ; --            ; --          ; eda_simulation            ;
; EDA_OUTPUT_DATA_FORMAT               ; Vhdl                                      ; --            ; --          ; eda_simulation            ;
; EDA_SIMULATION_TOOL                  ; ModelSim-Altera (VHDL)                    ; <None>        ; --          ; --                        ;
; EDA_TEST_BENCH_ENABLE_STATUS         ; TEST_BENCH_MODE                           ; --            ; --          ; eda_simulation            ;
; EDA_TEST_BENCH_FILE                  ; simulation/modelsim/task4_serial_scan.vht ; --            ; --          ; task4_serial_scan_vhd_tst ;
; EDA_TEST_BENCH_MODULE_NAME           ; task4_serial_scan_vhd_tst                 ; --            ; --          ; task4_serial_scan_vhd_tst ;
; EDA_TEST_BENCH_NAME                  ; task4_serial_scan_vhd_tst                 ; --            ; --          ; eda_simulation            ;
; EDA_TIME_SCALE                       ; 1 ps                                      ; --            ; --          ; eda_simulation            ;
; MAX_CORE_JUNCTION_TEMP               ; 85                                        ; --            ; --          ; --                        ;
; MIN_CORE_JUNCTION_TEMP               ; 0                                         ; --            ; --          ; --                        ;
; NOMINAL_CORE_SUPPLY_VOLTAGE          ; 1.2V                                      ; --            ; --          ; --                        ;
; PARTITION_COLOR                      ; -- (Not supported for targeted family)    ; --            ; --          ; Top                       ;
; PARTITION_FITTER_PRESERVATION_LEVEL  ; -- (Not supported for targeted family)    ; --            ; --          ; Top                       ;
; PARTITION_NETLIST_TYPE               ; -- (Not supported for targeted family)    ; --            ; --          ; Top                       ;
; POWER_BOARD_THERMAL_MODEL            ; None (CONSERVATIVE)                       ; --            ; --          ; --                        ;
; POWER_PRESET_COOLING_SOLUTION        ; 23 MM HEAT SINK WITH 200 LFPM AIRFLOW     ; --            ; --          ; --                        ;
; PROJECT_OUTPUT_DIRECTORY             ; output_files                              ; --            ; --          ; --                        ;
+--------------------------------------+-------------------------------------------+---------------+-------------+---------------------------+


+-------------------------------------------------------------------------------------------------------------------------------+
; Flow Elapsed Time                                                                                                             ;
+---------------------------+--------------+-------------------------+---------------------+------------------------------------+
; Module Name               ; Elapsed Time ; Average Processors Used ; Peak Virtual Memory ; Total CPU Time (on all processors) ;
+---------------------------+--------------+-------------------------+---------------------+------------------------------------+
; Analysis & Synthesis      ; 00:00:16     ; 1.0                     ; 4798 MB             ; 00:00:31                           ;
; Fitter                    ; 00:00:06     ; 1.0                     ; 5523 MB             ; 00:00:07                           ;
; Assembler                 ; 00:00:01     ; 1.0                     ; 4676 MB             ; 00:00:01                           ;
; TimeQuest Timing Analyzer ; 00:00:03     ; 1.0                     ; 4749 MB             ; 00:00:03                           ;
; EDA Netlist Writer        ; 00:00:02     ; 1.0                     ; 4641 MB             ; 00:00:02                           ;
; Total                     ; 00:00:28     ; --                      ; --                  ; 00:00:44                           ;
+---------------------------+--------------+-------------------------+---------------------+------------------------------------+


+-----------------------------------------------------------------------------------------+
; Flow OS Summary                                                                         ;
+---------------------------+------------------+------------+------------+----------------+
; Module Name               ; Machine Hostname ; OS Name    ; OS Version ; Processor type ;
+---------------------------+------------------+------------+------------+----------------+
; Analysis & Synthesis      ; asus             ; Windows 10 ; 10.0       ; x86_64         ;
; Fitter                    ; asus             ; Windows 10 ; 10.0       ; x86_64         ;
; Assembler                 ; asus             ; Windows 10 ; 10.0       ; x86_64         ;
; TimeQuest Timing Analyzer ; asus             ; Windows 10 ; 10.0       ; x86_64         ;
; EDA Netlist Writer        ; asus             ; Windows 10 ; 10.0       ; x86_64         ;
+---------------------------+------------------+------------+------------+----------------+


------------
; Flow Log ;
------------
quartus_map --read_settings_files=on --write_settings_files=off task4_serial_scan -c task4_serial_scan
quartus_fit --read_settings_files=off --write_settings_files=off task4_serial_scan -c task4_serial_scan
quartus_asm --read_settings_files=off --write_settings_files=off task4_serial_scan -c task4_serial_scan
quartus_sta task4_serial_scan -c task4_serial_scan
quartus_eda --read_settings_files=off --write_settings_files=off task4_serial_scan -c task4_serial_scan



