Analysis & Synthesis report for dff
Fri Oct 04 18:33:33 2019
Quartus Prime Version 17.1.0 Build 590 10/25/2017 SJ Standard Edition


---------------------
; Table of Contents ;
---------------------
  1. Legal Notice
  2. Analysis & Synthesis Summary
  3. Analysis & Synthesis Settings
  4. Parallel Compilation
  5. Analysis & Synthesis Source Files Read
  6. Analysis & Synthesis Resource Usage Summary
  7. Analysis & Synthesis Resource Utilization by Entity
  8. General Register Statistics
  9. Parameter Settings for User Entity Instance: Top-level Entity: |my8259
 10. Post-Synthesis Netlist Statistics for Top Partition
 11. Elapsed Time Per Partition
 12. Analysis & Synthesis Messages



----------------
; Legal Notice ;
----------------
Copyright (C) 2017  Intel Corporation. All rights reserved.
Your use of Intel Corporation's design tools, logic functions 
and other software and tools, and its AMPP partner logic 
functions, and any output files from any of the foregoing 
(including device programming or simulation files), and any 
associated documentation or information are expressly subject 
to the terms and conditions of the Intel Program License 
Subscription Agreement, the Intel Quartus Prime License Agreement,
the Intel FPGA IP License Agreement, or other applicable license
agreement, including, without limitation, that your use is for
the sole purpose of programming logic devices manufactured by
Intel and sold by Intel or its authorized distributors.  Please
refer to the applicable agreement for further details.



+--------------------------------------------------------------------------------------+
; Analysis & Synthesis Summary                                                         ;
+------------------------------------+-------------------------------------------------+
; Analysis & Synthesis Status        ; Successful - Fri Oct 04 18:33:33 2019           ;
; Quartus Prime Version              ; 17.1.0 Build 590 10/25/2017 SJ Standard Edition ;
; Revision Name                      ; dff                                             ;
; Top-level Entity Name              ; my8259                                          ;
; Family                             ; Cyclone IV E                                    ;
; Total logic elements               ; 0                                               ;
;     Total combinational functions  ; 0                                               ;
;     Dedicated logic registers      ; 0                                               ;
; Total registers                    ; 0                                               ;
; Total pins                         ; 38                                              ;
; Total virtual pins                 ; 0                                               ;
; Total memory bits                  ; 0                                               ;
; Embedded Multiplier 9-bit elements ; 0                                               ;
; Total PLLs                         ; 0                                               ;
+------------------------------------+-------------------------------------------------+


+----------------------------------------------------------------------------------------------------------------------+
; Analysis & Synthesis Settings                                                                                        ;
+----------------------------------------------------------------------------+--------------------+--------------------+
; Option                                                                     ; Setting            ; Default Value      ;
+----------------------------------------------------------------------------+--------------------+--------------------+
; Device                                                                     ; EP4CE6F17C8        ;                    ;
; Top-level entity name                                                      ; my8259             ; dff                ;
; Family name                                                                ; Cyclone IV E       ; Cyclone V          ;
; Use smart compilation                                                      ; Off                ; Off                ;
; Enable parallel Assembler and TimeQuest Timing Analyzer during compilation ; On                 ; On                 ;
; Enable compact report table                                                ; Off                ; Off                ;
; Restructure Multiplexers                                                   ; Auto               ; Auto               ;
; Create Debugging Nodes for IP Cores                                        ; Off                ; Off                ;
; Preserve fewer node names                                                  ; On                 ; On                 ;
; Intel FPGA IP Evaluation Mode                                              ; Enable             ; Enable             ;
; Verilog Version                                                            ; Verilog_2001       ; Verilog_2001       ;
; VHDL Version                                                               ; VHDL_1993          ; VHDL_1993          ;
; State Machine Processing                                                   ; Auto               ; Auto               ;
; Safe State Machine                                                         ; Off                ; Off                ;
; Extract Verilog State Machines                                             ; On                 ; On                 ;
; Extract VHDL State Machines                                                ; On                 ; On                 ;
; Ignore Verilog initial constructs                                          ; Off                ; Off                ;
; Iteration limit for constant Verilog loops                                 ; 5000               ; 5000               ;
; Iteration limit for non-constant Verilog loops                             ; 250                ; 250                ;
; Add Pass-Through Logic to Inferred RAMs                                    ; On                 ; On                 ;
; Infer RAMs from Raw Logic                                                  ; On                 ; On                 ;
; Parallel Synthesis                                                         ; On                 ; On                 ;
; DSP Block Balancing                                                        ; Auto               ; Auto               ;
; NOT Gate Push-Back                                                         ; On                 ; On                 ;
; Power-Up Don't Care                                                        ; On                 ; On                 ;
; Remove Redundant Logic Cells                                               ; Off                ; Off                ;
; Remove Duplicate Registers                                                 ; On                 ; On                 ;
; Ignore CARRY Buffers                                                       ; Off                ; Off                ;
; Ignore CASCADE Buffers                                                     ; Off                ; Off                ;
; Ignore GLOBAL Buffers                                                      ; Off                ; Off                ;
; Ignore ROW GLOBAL Buffers                                                  ; Off                ; Off                ;
; Ignore LCELL Buffers                                                       ; Off                ; Off                ;
; Ignore SOFT Buffers                                                        ; On                 ; On                 ;
; Limit AHDL Integers to 32 Bits                                             ; Off                ; Off                ;
; Optimization Technique                                                     ; Balanced           ; Balanced           ;
; Carry Chain Length                                                         ; 70                 ; 70                 ;
; Auto Carry Chains                                                          ; On                 ; On                 ;
; Auto Open-Drain Pins                                                       ; On                 ; On                 ;
; Perform WYSIWYG Primitive Resynthesis                                      ; Off                ; Off                ;
; Auto ROM Replacement                                                       ; On                 ; On                 ;
; Auto RAM Replacement                                                       ; On                 ; On                 ;
; Auto DSP Block Replacement                                                 ; On                 ; On                 ;
; Auto Shift Register Replacement                                            ; Auto               ; Auto               ;
; Allow Shift Register Merging across Hierarchies                            ; Auto               ; Auto               ;
; Auto Clock Enable Replacement                                              ; On                 ; On                 ;
; Strict RAM Replacement                                                     ; Off                ; Off                ;
; Allow Synchronous Control Signals                                          ; On                 ; On                 ;
; Force Use of Synchronous Clear Signals                                     ; Off                ; Off                ;
; Auto RAM Block Balancing                                                   ; On                 ; On                 ;
; Auto RAM to Logic Cell Conversion                                          ; Off                ; Off                ;
; Auto Resource Sharing                                                      ; Off                ; Off                ;
; Allow Any RAM Size For Recognition                                         ; Off                ; Off                ;
; Allow Any ROM Size For Recognition                                         ; Off                ; Off                ;
; Allow Any Shift Register Size For Recognition                              ; Off                ; Off                ;
; Use LogicLock Constraints during Resource Balancing                        ; On                 ; On                 ;
; Ignore translate_off and synthesis_off directives                          ; Off                ; Off                ;
; Timing-Driven Synthesis                                                    ; On                 ; On                 ;
; Report Parameter Settings                                                  ; On                 ; On                 ;
; Report Source Assignments                                                  ; On                 ; On                 ;
; Report Connectivity Checks                                                 ; On                 ; On                 ;
; Ignore Maximum Fan-Out Assignments                                         ; Off                ; Off                ;
; Synchronization Register Chain Length                                      ; 2                  ; 2                  ;
; Power Optimization During Synthesis                                        ; Normal compilation ; Normal compilation ;
; HDL message level                                                          ; Level2             ; Level2             ;
; Suppress Register Optimization Related Messages                            ; Off                ; Off                ;
; Number of Removed Registers Reported in Synthesis Report                   ; 5000               ; 5000               ;
; Number of Swept Nodes Reported in Synthesis Report                         ; 5000               ; 5000               ;
; Number of Inverted Registers Reported in Synthesis Report                  ; 100                ; 100                ;
; Clock MUX Protection                                                       ; On                 ; On                 ;
; Auto Gated Clock Conversion                                                ; Off                ; Off                ;
; Block Design Naming                                                        ; Auto               ; Auto               ;
; SDC constraint protection                                                  ; Off                ; Off                ;
; Synthesis Effort                                                           ; Auto               ; Auto               ;
; Shift Register Replacement - Allow Asynchronous Clear Signal               ; On                 ; On                 ;
; Pre-Mapping Resynthesis Optimization                                       ; Off                ; Off                ;
; Analysis & Synthesis Message Level                                         ; Medium             ; Medium             ;
; Disable Register Merging Across Hierarchies                                ; Auto               ; Auto               ;
; Resource Aware Inference For Block RAM                                     ; On                 ; On                 ;
+----------------------------------------------------------------------------+--------------------+--------------------+


+------------------------------------------+
; Parallel Compilation                     ;
+----------------------------+-------------+
; Processors                 ; Number      ;
+----------------------------+-------------+
; Number detected on machine ; 8           ;
; Maximum allowed            ; 4           ;
;                            ;             ;
; Average used               ; 1.00        ;
; Maximum used               ; 1           ;
;                            ;             ;
; Usage by Processor         ; % Time Used ;
;     Processor 1            ; 100.0%      ;
+----------------------------+-------------+


+---------------------------------------------------------------------------------------------------------------+
; Analysis & Synthesis Source Files Read                                                                        ;
+----------------------------------+-----------------+-----------------+------------------------------+---------+
; File Name with User-Entered Path ; Used in Netlist ; File Type       ; File Name with Absolute Path ; Library ;
+----------------------------------+-----------------+-----------------+------------------------------+---------+
; my8259.vhd                       ; yes             ; User VHDL File  ; D:/VHDL/dff/my8259.vhd       ;         ;
+----------------------------------+-----------------+-----------------+------------------------------+---------+


+-----------------------------------------------------------+
; Analysis & Synthesis Resource Usage Summary               ;
+---------------------------------------------+-------------+
; Resource                                    ; Usage       ;
+---------------------------------------------+-------------+
;                                             ;             ;
; Total combinational functions               ; 0           ;
; Logic element usage by number of LUT inputs ;             ;
;     -- 4 input functions                    ; 0           ;
;     -- 3 input functions                    ; 0           ;
;     -- <=2 input functions                  ; 0           ;
;                                             ;             ;
; Logic elements by mode                      ;             ;
;     -- normal mode                          ; 0           ;
;     -- arithmetic mode                      ; 0           ;
;                                             ;             ;
; Total registers                             ; 0           ;
;     -- Dedicated logic registers            ; 0           ;
;     -- I/O registers                        ; 0           ;
;                                             ;             ;
; I/O pins                                    ; 38          ;
;                                             ;             ;
; Embedded Multiplier 9-bit elements          ; 0           ;
;                                             ;             ;
; Maximum fan-out node                        ; D[0]~output ;
; Maximum fan-out                             ; 1           ;
; Total fan-out                               ; 62          ;
; Average fan-out                             ; 0.62        ;
+---------------------------------------------+-------------+


+----------------------------------------------------------------------------------------------------------------------------------------------------------------------------------------------------------+
; Analysis & Synthesis Resource Utilization by Entity                                                                                                                                                      ;
+----------------------------+---------------------+---------------------------+-------------+--------------+---------+-----------+------+--------------+---------------------+-------------+--------------+
; Compilation Hierarchy Node ; Combinational ALUTs ; Dedicated Logic Registers ; Memory Bits ; DSP Elements ; DSP 9x9 ; DSP 18x18 ; Pins ; Virtual Pins ; Full Hierarchy Name ; Entity Name ; Library Name ;
+----------------------------+---------------------+---------------------------+-------------+--------------+---------+-----------+------+--------------+---------------------+-------------+--------------+
; |my8259                    ; 0 (0)               ; 0 (0)                     ; 0           ; 0            ; 0       ; 0         ; 38   ; 0            ; |my8259             ; my8259      ; work         ;
+----------------------------+---------------------+---------------------------+-------------+--------------+---------+-----------+------+--------------+---------------------+-------------+--------------+
Note: For table entries with two numbers listed, the numbers in parentheses indicate the number of resources of the given type used by the specific entity alone. The numbers listed outside of parentheses indicate the total resources of the given type used by the specific entity and all of its sub-entities in the hierarchy.


+------------------------------------------------------+
; General Register Statistics                          ;
+----------------------------------------------+-------+
; Statistic                                    ; Value ;
+----------------------------------------------+-------+
; Total registers                              ; 0     ;
; Number of registers using Synchronous Clear  ; 0     ;
; Number of registers using Synchronous Load   ; 0     ;
; Number of registers using Asynchronous Clear ; 0     ;
; Number of registers using Asynchronous Load  ; 0     ;
; Number of registers using Clock Enable       ; 0     ;
; Number of registers using Preset             ; 0     ;
+----------------------------------------------+-------+


+------------------------------------------------------------------------+
; Parameter Settings for User Entity Instance: Top-level Entity: |my8259 ;
+----------------+-------+-----------------------------------------------+
; Parameter Name ; Value ; Type                                          ;
+----------------+-------+-----------------------------------------------+
; width          ; 8     ; Signed Integer                                ;
+----------------+-------+-----------------------------------------------+
Note: In order to hide this table in the UI and the text report file, please set the "Show Parameter Settings in Synthesis Report" option in "Analysis and Synthesis Settings -> More Settings" to "Off".


+-----------------------------------------------------+
; Post-Synthesis Netlist Statistics for Top Partition ;
+-----------------------+-----------------------------+
; Type                  ; Count                       ;
+-----------------------+-----------------------------+
; boundary_port         ; 38                          ;
; cycloneiii_io_obuf    ; 24                          ;
; cycloneiii_lcell_comb ; 1                           ;
;     normal            ; 1                           ;
;         0 data inputs ; 1                           ;
;                       ;                             ;
; Max LUT depth         ; 0.00                        ;
; Average LUT depth     ; 0.00                        ;
+-----------------------+-----------------------------+


+-------------------------------+
; Elapsed Time Per Partition    ;
+----------------+--------------+
; Partition Name ; Elapsed Time ;
+----------------+--------------+
; Top            ; 00:00:00     ;
+----------------+--------------+


+-------------------------------+
; Analysis & Synthesis Messages ;
+-------------------------------+
Info: *******************************************************************
Info: Running Quartus Prime Analysis & Synthesis
    Info: Version 17.1.0 Build 590 10/25/2017 SJ Standard Edition
    Info: Processing started: Fri Oct 04 18:33:16 2019
Info: Command: quartus_map --read_settings_files=on --write_settings_files=off dff -c dff
Warning (18236): Number of processors has not been specified which may cause overloading on shared machines.  Set the global assignment NUM_PARALLEL_PROCESSORS in your QSF to an appropriate value for best performance.
Info (20030): Parallel compilation is enabled and will use 4 of the 4 processors detected
Info (12021): Found 2 design units, including 1 entities, in source file dpram.vhd
    Info (12022): Found design unit 1: dpram-behavior_of_dpram File: D:/VHDL/dff/dpram.vhd Line: 16
    Info (12023): Found entity 1: dpram File: D:/VHDL/dff/dpram.vhd Line: 4
Info (12021): Found 2 design units, including 1 entities, in source file dff.vhd
    Info (12022): Found design unit 1: my_dff-behavior File: D:/VHDL/dff/dff.vhd Line: 9
    Info (12023): Found entity 1: my_dff File: D:/VHDL/dff/dff.vhd Line: 4
Info (12021): Found 2 design units, including 1 entities, in source file homework_1_2.vhd
    Info (12022): Found design unit 1: homework_1_2-behavior_of_homework_1_2 File: D:/VHDL/dff/homework_1_2.vhd Line: 13
    Info (12023): Found entity 1: homework_1_2 File: D:/VHDL/dff/homework_1_2.vhd Line: 4
Info (12021): Found 2 design units, including 1 entities, in source file my8259.vhd
    Info (12022): Found design unit 1: my8259-behavior_of_my8259 File: D:/VHDL/dff/my8259.vhd Line: 16
    Info (12023): Found entity 1: my8259 File: D:/VHDL/dff/my8259.vhd Line: 4
Info (12127): Elaborating entity "my8259" for the top level hierarchy
Warning (10541): VHDL Signal Declaration warning at my8259.vhd(12): used implicit default value for signal "INT" because signal was never assigned a value or an explicit default value. Use of implicit default value may introduce unintended design optimizations. File: D:/VHDL/dff/my8259.vhd Line: 12
Warning (13039): The following bidirectional pins have no drivers
    Warning (13040): bidirectional pin "D[0]" has no driver File: D:/VHDL/dff/my8259.vhd Line: 7
    Warning (13040): bidirectional pin "D[1]" has no driver File: D:/VHDL/dff/my8259.vhd Line: 7
    Warning (13040): bidirectional pin "D[2]" has no driver File: D:/VHDL/dff/my8259.vhd Line: 7
    Warning (13040): bidirectional pin "D[3]" has no driver File: D:/VHDL/dff/my8259.vhd Line: 7
    Warning (13040): bidirectional pin "D[4]" has no driver File: D:/VHDL/dff/my8259.vhd Line: 7
    Warning (13040): bidirectional pin "D[5]" has no driver File: D:/VHDL/dff/my8259.vhd Line: 7
    Warning (13040): bidirectional pin "D[6]" has no driver File: D:/VHDL/dff/my8259.vhd Line: 7
    Warning (13040): bidirectional pin "D[7]" has no driver File: D:/VHDL/dff/my8259.vhd Line: 7
    Warning (13040): bidirectional pin "CAS[0]" has no driver File: D:/VHDL/dff/my8259.vhd Line: 8
    Warning (13040): bidirectional pin "CAS[1]" has no driver File: D:/VHDL/dff/my8259.vhd Line: 8
    Warning (13040): bidirectional pin "CAS[2]" has no driver File: D:/VHDL/dff/my8259.vhd Line: 8
    Warning (13040): bidirectional pin "CAS[3]" has no driver File: D:/VHDL/dff/my8259.vhd Line: 8
    Warning (13040): bidirectional pin "CAS[4]" has no driver File: D:/VHDL/dff/my8259.vhd Line: 8
    Warning (13040): bidirectional pin "CAS[5]" has no driver File: D:/VHDL/dff/my8259.vhd Line: 8
    Warning (13040): bidirectional pin "CAS[6]" has no driver File: D:/VHDL/dff/my8259.vhd Line: 8
    Warning (13040): bidirectional pin "CAS[7]" has no driver File: D:/VHDL/dff/my8259.vhd Line: 8
    Warning (13040): bidirectional pin "nSP_nEN[0]" has no driver File: D:/VHDL/dff/my8259.vhd Line: 9
    Warning (13040): bidirectional pin "nSP_nEN[1]" has no driver File: D:/VHDL/dff/my8259.vhd Line: 9
    Warning (13040): bidirectional pin "nSP_nEN[2]" has no driver File: D:/VHDL/dff/my8259.vhd Line: 9
    Warning (13040): bidirectional pin "nSP_nEN[3]" has no driver File: D:/VHDL/dff/my8259.vhd Line: 9
    Warning (13040): bidirectional pin "nSP_nEN[4]" has no driver File: D:/VHDL/dff/my8259.vhd Line: 9
    Warning (13040): bidirectional pin "nSP_nEN[5]" has no driver File: D:/VHDL/dff/my8259.vhd Line: 9
    Warning (13040): bidirectional pin "nSP_nEN[6]" has no driver File: D:/VHDL/dff/my8259.vhd Line: 9
    Warning (13040): bidirectional pin "nSP_nEN[7]" has no driver File: D:/VHDL/dff/my8259.vhd Line: 9
Warning (13024): Output pins are stuck at VCC or GND
    Warning (13410): Pin "INT" is stuck at GND File: D:/VHDL/dff/my8259.vhd Line: 12
Info (16010): Generating hard_block partition "hard_block:auto_generated_inst"
    Info (16011): Adding 0 node(s), including 0 DDIO, 0 PLL, 0 transceiver and 0 LCELL
Warning (21074): Design contains 13 input pin(s) that do not drive logic
    Warning (15610): No output dependent on input pin "nRD" File: D:/VHDL/dff/my8259.vhd Line: 10
    Warning (15610): No output dependent on input pin "nWR" File: D:/VHDL/dff/my8259.vhd Line: 10
    Warning (15610): No output dependent on input pin "A0" File: D:/VHDL/dff/my8259.vhd Line: 10
    Warning (15610): No output dependent on input pin "nCS" File: D:/VHDL/dff/my8259.vhd Line: 10
    Warning (15610): No output dependent on input pin "nINTA" File: D:/VHDL/dff/my8259.vhd Line: 10
    Warning (15610): No output dependent on input pin "IR[0]" File: D:/VHDL/dff/my8259.vhd Line: 11
    Warning (15610): No output dependent on input pin "IR[1]" File: D:/VHDL/dff/my8259.vhd Line: 11
    Warning (15610): No output dependent on input pin "IR[2]" File: D:/VHDL/dff/my8259.vhd Line: 11
    Warning (15610): No output dependent on input pin "IR[3]" File: D:/VHDL/dff/my8259.vhd Line: 11
    Warning (15610): No output dependent on input pin "IR[4]" File: D:/VHDL/dff/my8259.vhd Line: 11
    Warning (15610): No output dependent on input pin "IR[5]" File: D:/VHDL/dff/my8259.vhd Line: 11
    Warning (15610): No output dependent on input pin "IR[6]" File: D:/VHDL/dff/my8259.vhd Line: 11
    Warning (15610): No output dependent on input pin "IR[7]" File: D:/VHDL/dff/my8259.vhd Line: 11
Info (21057): Implemented 38 device resources after synthesis - the final resource count might be different
    Info (21058): Implemented 13 input pins
    Info (21059): Implemented 1 output pins
    Info (21060): Implemented 24 bidirectional pins
Info: Quartus Prime Analysis & Synthesis was successful. 0 errors, 43 warnings
    Info: Peak virtual memory: 4788 megabytes
    Info: Processing ended: Fri Oct 04 18:33:33 2019
    Info: Elapsed time: 00:00:17
    Info: Total CPU time (on all processors): 00:00:36


