Analysis & Synthesis report for task5_sec
Sat Nov 09 16:30:19 2019
Quartus Prime Version 17.1.0 Build 590 10/25/2017 SJ Standard Edition


---------------------
; Table of Contents ;
---------------------
  1. Legal Notice
  2. Analysis & Synthesis Summary
  3. Analysis & Synthesis Settings
  4. Parallel Compilation
  5. Analysis & Synthesis Source Files Read
  6. Analysis & Synthesis Resource Usage Summary
  7. Analysis & Synthesis Resource Utilization by Entity
  8. Registers Removed During Synthesis
  9. General Register Statistics
 10. Inverted Register Statistics
 11. Multiplexer Restructuring Statistics (Restructuring Performed)
 12. Parameter Settings for User Entity Instance: xd:clear
 13. Parameter Settings for User Entity Instance: xd:state
 14. Parameter Settings for User Entity Instance: cnt:cnt0
 15. Parameter Settings for User Entity Instance: cnt:cnt1
 16. Parameter Settings for User Entity Instance: cnt:cnt2
 17. Parameter Settings for User Entity Instance: cnt:cnt3
 18. Port Connectivity Checks: "cnt:cnt3"
 19. Port Connectivity Checks: "clock_gen:clock_10ms"
 20. Post-Synthesis Netlist Statistics for Top Partition
 21. Elapsed Time Per Partition
 22. Analysis & Synthesis Messages



----------------
; Legal Notice ;
----------------
Copyright (C) 2017  Intel Corporation. All rights reserved.
Your use of Intel Corporation's design tools, logic functions 
and other software and tools, and its AMPP partner logic 
functions, and any output files from any of the foregoing 
(including device programming or simulation files), and any 
associated documentation or information are expressly subject 
to the terms and conditions of the Intel Program License 
Subscription Agreement, the Intel Quartus Prime License Agreement,
the Intel FPGA IP License Agreement, or other applicable license
agreement, including, without limitation, that your use is for
the sole purpose of programming logic devices manufactured by
Intel and sold by Intel or its authorized distributors.  Please
refer to the applicable agreement for further details.



+--------------------------------------------------------------------------------------+
; Analysis & Synthesis Summary                                                         ;
+------------------------------------+-------------------------------------------------+
; Analysis & Synthesis Status        ; Successful - Sat Nov 09 16:30:19 2019           ;
; Quartus Prime Version              ; 17.1.0 Build 590 10/25/2017 SJ Standard Edition ;
; Revision Name                      ; task5_sec                                       ;
; Top-level Entity Name              ; task5_sec                                       ;
; Family                             ; Cyclone IV E                                    ;
; Total logic elements               ; 131                                             ;
;     Total combinational functions  ; 128                                             ;
;     Dedicated logic registers      ; 69                                              ;
; Total registers                    ; 69                                              ;
; Total pins                         ; 15                                              ;
; Total virtual pins                 ; 0                                               ;
; Total memory bits                  ; 0                                               ;
; Embedded Multiplier 9-bit elements ; 0                                               ;
; Total PLLs                         ; 0                                               ;
+------------------------------------+-------------------------------------------------+


+----------------------------------------------------------------------------------------------------------------------+
; Analysis & Synthesis Settings                                                                                        ;
+----------------------------------------------------------------------------+--------------------+--------------------+
; Option                                                                     ; Setting            ; Default Value      ;
+----------------------------------------------------------------------------+--------------------+--------------------+
; Device                                                                     ; EP4CE6E22C8        ;                    ;
; Top-level entity name                                                      ; task5_sec          ; task5_sec          ;
; Family name                                                                ; Cyclone IV E       ; Cyclone V          ;
; Use smart compilation                                                      ; Off                ; Off                ;
; Enable parallel Assembler and TimeQuest Timing Analyzer during compilation ; On                 ; On                 ;
; Enable compact report table                                                ; Off                ; Off                ;
; Restructure Multiplexers                                                   ; Auto               ; Auto               ;
; Create Debugging Nodes for IP Cores                                        ; Off                ; Off                ;
; Preserve fewer node names                                                  ; On                 ; On                 ;
; Intel FPGA IP Evaluation Mode                                              ; Enable             ; Enable             ;
; Verilog Version                                                            ; Verilog_2001       ; Verilog_2001       ;
; VHDL Version                                                               ; VHDL_1993          ; VHDL_1993          ;
; State Machine Processing                                                   ; Auto               ; Auto               ;
; Safe State Machine                                                         ; Off                ; Off                ;
; Extract Verilog State Machines                                             ; On                 ; On                 ;
; Extract VHDL State Machines                                                ; On                 ; On                 ;
; Ignore Verilog initial constructs                                          ; Off                ; Off                ;
; Iteration limit for constant Verilog loops                                 ; 5000               ; 5000               ;
; Iteration limit for non-constant Verilog loops                             ; 250                ; 250                ;
; Add Pass-Through Logic to Inferred RAMs                                    ; On                 ; On                 ;
; Infer RAMs from Raw Logic                                                  ; On                 ; On                 ;
; Parallel Synthesis                                                         ; On                 ; On                 ;
; DSP Block Balancing                                                        ; Auto               ; Auto               ;
; NOT Gate Push-Back                                                         ; On                 ; On                 ;
; Power-Up Don't Care                                                        ; On                 ; On                 ;
; Remove Redundant Logic Cells                                               ; Off                ; Off                ;
; Remove Duplicate Registers                                                 ; On                 ; On                 ;
; Ignore CARRY Buffers                                                       ; Off                ; Off                ;
; Ignore CASCADE Buffers                                                     ; Off                ; Off                ;
; Ignore GLOBAL Buffers                                                      ; Off                ; Off                ;
; Ignore ROW GLOBAL Buffers                                                  ; Off                ; Off                ;
; Ignore LCELL Buffers                                                       ; Off                ; Off                ;
; Ignore SOFT Buffers                                                        ; On                 ; On                 ;
; Limit AHDL Integers to 32 Bits                                             ; Off                ; Off                ;
; Optimization Technique                                                     ; Balanced           ; Balanced           ;
; Carry Chain Length                                                         ; 70                 ; 70                 ;
; Auto Carry Chains                                                          ; On                 ; On                 ;
; Auto Open-Drain Pins                                                       ; On                 ; On                 ;
; Perform WYSIWYG Primitive Resynthesis                                      ; Off                ; Off                ;
; Auto ROM Replacement                                                       ; On                 ; On                 ;
; Auto RAM Replacement                                                       ; On                 ; On                 ;
; Auto DSP Block Replacement                                                 ; On                 ; On                 ;
; Auto Shift Register Replacement                                            ; Auto               ; Auto               ;
; Allow Shift Register Merging across Hierarchies                            ; Auto               ; Auto               ;
; Auto Clock Enable Replacement                                              ; On                 ; On                 ;
; Strict RAM Replacement                                                     ; Off                ; Off                ;
; Allow Synchronous Control Signals                                          ; On                 ; On                 ;
; Force Use of Synchronous Clear Signals                                     ; Off                ; Off                ;
; Auto RAM Block Balancing                                                   ; On                 ; On                 ;
; Auto RAM to Logic Cell Conversion                                          ; Off                ; Off                ;
; Auto Resource Sharing                                                      ; Off                ; Off                ;
; Allow Any RAM Size For Recognition                                         ; Off                ; Off                ;
; Allow Any ROM Size For Recognition                                         ; Off                ; Off                ;
; Allow Any Shift Register Size For Recognition                              ; Off                ; Off                ;
; Use LogicLock Constraints during Resource Balancing                        ; On                 ; On                 ;
; Ignore translate_off and synthesis_off directives                          ; Off                ; Off                ;
; Timing-Driven Synthesis                                                    ; On                 ; On                 ;
; Report Parameter Settings                                                  ; On                 ; On                 ;
; Report Source Assignments                                                  ; On                 ; On                 ;
; Report Connectivity Checks                                                 ; On                 ; On                 ;
; Ignore Maximum Fan-Out Assignments                                         ; Off                ; Off                ;
; Synchronization Register Chain Length                                      ; 2                  ; 2                  ;
; Power Optimization During Synthesis                                        ; Normal compilation ; Normal compilation ;
; HDL message level                                                          ; Level2             ; Level2             ;
; Suppress Register Optimization Related Messages                            ; Off                ; Off                ;
; Number of Removed Registers Reported in Synthesis Report                   ; 5000               ; 5000               ;
; Number of Swept Nodes Reported in Synthesis Report                         ; 5000               ; 5000               ;
; Number of Inverted Registers Reported in Synthesis Report                  ; 100                ; 100                ;
; Clock MUX Protection                                                       ; On                 ; On                 ;
; Auto Gated Clock Conversion                                                ; Off                ; Off                ;
; Block Design Naming                                                        ; Auto               ; Auto               ;
; SDC constraint protection                                                  ; Off                ; Off                ;
; Synthesis Effort                                                           ; Auto               ; Auto               ;
; Shift Register Replacement - Allow Asynchronous Clear Signal               ; On                 ; On                 ;
; Pre-Mapping Resynthesis Optimization                                       ; Off                ; Off                ;
; Analysis & Synthesis Message Level                                         ; Medium             ; Medium             ;
; Disable Register Merging Across Hierarchies                                ; Auto               ; Auto               ;
; Resource Aware Inference For Block RAM                                     ; On                 ; On                 ;
+----------------------------------------------------------------------------+--------------------+--------------------+


+------------------------------------------+
; Parallel Compilation                     ;
+----------------------------+-------------+
; Processors                 ; Number      ;
+----------------------------+-------------+
; Number detected on machine ; 8           ;
; Maximum allowed            ; 4           ;
;                            ;             ;
; Average used               ; 1.00        ;
; Maximum used               ; 4           ;
;                            ;             ;
; Usage by Processor         ; % Time Used ;
;     Processor 1            ; 100.0%      ;
;     Processor 2            ;   0.0%      ;
;     Processors 3-4         ;   0.0%      ;
+----------------------------+-------------+


+--------------------------------------------------------------------------------------------------------------------+
; Analysis & Synthesis Source Files Read                                                                             ;
+----------------------------------+-----------------+-----------------+-----------------------------------+---------+
; File Name with User-Entered Path ; Used in Netlist ; File Type       ; File Name with Absolute Path      ; Library ;
+----------------------------------+-----------------+-----------------+-----------------------------------+---------+
; xd.vhd                           ; yes             ; User VHDL File  ; D:/VHDL/task5_sec/xd.vhd          ;         ;
; task5_sec.vhd                    ; yes             ; User VHDL File  ; D:/VHDL/task5_sec/task5_sec.vhd   ;         ;
; serial_scan.vhd                  ; yes             ; User VHDL File  ; D:/VHDL/task5_sec/serial_scan.vhd ;         ;
; decoder.vhd                      ; yes             ; User VHDL File  ; D:/VHDL/task5_sec/decoder.vhd     ;         ;
; cnt.vhd                          ; yes             ; User VHDL File  ; D:/VHDL/task5_sec/cnt.vhd         ;         ;
; clock_gen.vhd                    ; yes             ; User VHDL File  ; D:/VHDL/task5_sec/clock_gen.vhd   ;         ;
; inverter.vhd                     ; yes             ; User VHDL File  ; D:/VHDL/task5_sec/inverter.vhd    ;         ;
+----------------------------------+-----------------+-----------------+-----------------------------------+---------+


+------------------------------------------------------------+
; Analysis & Synthesis Resource Usage Summary                ;
+---------------------------------------------+--------------+
; Resource                                    ; Usage        ;
+---------------------------------------------+--------------+
; Estimated Total logic elements              ; 131          ;
;                                             ;              ;
; Total combinational functions               ; 128          ;
; Logic element usage by number of LUT inputs ;              ;
;     -- 4 input functions                    ; 63           ;
;     -- 3 input functions                    ; 15           ;
;     -- <=2 input functions                  ; 50           ;
;                                             ;              ;
; Logic elements by mode                      ;              ;
;     -- normal mode                          ; 104          ;
;     -- arithmetic mode                      ; 24           ;
;                                             ;              ;
; Total registers                             ; 69           ;
;     -- Dedicated logic registers            ; 69           ;
;     -- I/O registers                        ; 0            ;
;                                             ;              ;
; I/O pins                                    ; 15           ;
;                                             ;              ;
; Embedded Multiplier 9-bit elements          ; 0            ;
;                                             ;              ;
; Maximum fan-out node                        ; clk_in~input ;
; Maximum fan-out                             ; 23           ;
; Total fan-out                               ; 587          ;
; Average fan-out                             ; 2.59         ;
+---------------------------------------------+--------------+


+-----------------------------------------------------------------------------------------------------------------------------------------------------------------------------------------------------------------------------+
; Analysis & Synthesis Resource Utilization by Entity                                                                                                                                                                         ;
+-------------------------------+---------------------+---------------------------+-------------+--------------+---------+-----------+------+--------------+-------------------------------------+-------------+--------------+
; Compilation Hierarchy Node    ; Combinational ALUTs ; Dedicated Logic Registers ; Memory Bits ; DSP Elements ; DSP 9x9 ; DSP 18x18 ; Pins ; Virtual Pins ; Full Hierarchy Name                 ; Entity Name ; Library Name ;
+-------------------------------+---------------------+---------------------------+-------------+--------------+---------+-----------+------+--------------+-------------------------------------+-------------+--------------+
; |task5_sec                    ; 128 (2)             ; 69 (0)                    ; 0           ; 0            ; 0       ; 0         ; 15   ; 0            ; |task5_sec                          ; task5_sec   ; work         ;
;    |clock_gen:clock_10ms|     ; 26 (26)             ; 25 (25)                   ; 0           ; 0            ; 0       ; 0         ; 0    ; 0            ; |task5_sec|clock_gen:clock_10ms     ; clock_gen   ; work         ;
;    |cnt:cnt0|                 ; 5 (5)               ; 4 (4)                     ; 0           ; 0            ; 0       ; 0         ; 0    ; 0            ; |task5_sec|cnt:cnt0                 ; cnt         ; work         ;
;    |cnt:cnt1|                 ; 5 (5)               ; 4 (4)                     ; 0           ; 0            ; 0       ; 0         ; 0    ; 0            ; |task5_sec|cnt:cnt1                 ; cnt         ; work         ;
;    |cnt:cnt2|                 ; 5 (5)               ; 4 (4)                     ; 0           ; 0            ; 0       ; 0         ; 0    ; 0            ; |task5_sec|cnt:cnt2                 ; cnt         ; work         ;
;    |cnt:cnt3|                 ; 3 (3)               ; 3 (3)                     ; 0           ; 0            ; 0       ; 0         ; 0    ; 0            ; |task5_sec|cnt:cnt3                 ; cnt         ; work         ;
;    |decoder:decoder0|         ; 7 (7)               ; 0 (0)                     ; 0           ; 0            ; 0       ; 0         ; 0    ; 0            ; |task5_sec|decoder:decoder0         ; decoder     ; work         ;
;    |decoder:decoder1|         ; 7 (7)               ; 0 (0)                     ; 0           ; 0            ; 0       ; 0         ; 0    ; 0            ; |task5_sec|decoder:decoder1         ; decoder     ; work         ;
;    |decoder:decoder2|         ; 7 (7)               ; 0 (0)                     ; 0           ; 0            ; 0       ; 0         ; 0    ; 0            ; |task5_sec|decoder:decoder2         ; decoder     ; work         ;
;    |decoder:decoder3|         ; 7 (7)               ; 0 (0)                     ; 0           ; 0            ; 0       ; 0         ; 0    ; 0            ; |task5_sec|decoder:decoder3         ; decoder     ; work         ;
;    |inverter:inverter0|       ; 1 (1)               ; 1 (1)                     ; 0           ; 0            ; 0       ; 0         ; 0    ; 0            ; |task5_sec|inverter:inverter0       ; inverter    ; work         ;
;    |serial_scan:serial_scan0| ; 21 (21)             ; 14 (14)                   ; 0           ; 0            ; 0       ; 0         ; 0    ; 0            ; |task5_sec|serial_scan:serial_scan0 ; serial_scan ; work         ;
;    |xd:clear|                 ; 16 (16)             ; 7 (7)                     ; 0           ; 0            ; 0       ; 0         ; 0    ; 0            ; |task5_sec|xd:clear                 ; xd          ; work         ;
;    |xd:state|                 ; 16 (16)             ; 7 (7)                     ; 0           ; 0            ; 0       ; 0         ; 0    ; 0            ; |task5_sec|xd:state                 ; xd          ; work         ;
+-------------------------------+---------------------+---------------------------+-------------+--------------+---------+-----------+------+--------------+-------------------------------------+-------------+--------------+
Note: For table entries with two numbers listed, the numbers in parentheses indicate the number of resources of the given type used by the specific entity alone. The numbers listed outside of parentheses indicate the total resources of the given type used by the specific entity and all of its sub-entities in the hierarchy.


+---------------------------------------------------------------------------------+
; Registers Removed During Synthesis                                              ;
+----------------------------------------+----------------------------------------+
; Register name                          ; Reason for Removal                     ;
+----------------------------------------+----------------------------------------+
; serial_scan:serial_scan0|CNT[31]       ; Stuck at GND due to stuck port data_in ;
; serial_scan:serial_scan0|CNT[0..30]    ; Lost fanout                            ;
; cnt:cnt3|temp[3]                       ; Stuck at GND due to stuck port data_in ;
; Total Number of Removed Registers = 33 ;                                        ;
+----------------------------------------+----------------------------------------+


+------------------------------------------------------+
; General Register Statistics                          ;
+----------------------------------------------+-------+
; Statistic                                    ; Value ;
+----------------------------------------------+-------+
; Total registers                              ; 69    ;
; Number of registers using Synchronous Clear  ; 16    ;
; Number of registers using Synchronous Load   ; 0     ;
; Number of registers using Asynchronous Clear ; 15    ;
; Number of registers using Asynchronous Load  ; 0     ;
; Number of registers using Clock Enable       ; 0     ;
; Number of registers using Preset             ; 0     ;
+----------------------------------------------+-------+


+--------------------------------------------------+
; Inverted Register Statistics                     ;
+----------------------------------------+---------+
; Inverted Register                      ; Fan out ;
+----------------------------------------+---------+
; xd:clear|sum[0]                        ; 2       ;
; xd:state|sum[0]                        ; 2       ;
; Total number of inverted registers = 2 ;         ;
+----------------------------------------+---------+


+--------------------------------------------------------------------------------------------------------------------------------------------------------------+
; Multiplexer Restructuring Statistics (Restructuring Performed)                                                                                               ;
+--------------------+-----------+---------------+----------------------+------------------------+------------+------------------------------------------------+
; Multiplexer Inputs ; Bus Width ; Baseline Area ; Area if Restructured ; Saving if Restructured ; Registered ; Example Multiplexer Output                     ;
+--------------------+-----------+---------------+----------------------+------------------------+------------+------------------------------------------------+
; 5:1                ; 7 bits    ; 21 LEs        ; 14 LEs               ; 7 LEs                  ; Yes        ; |task5_sec|serial_scan:serial_scan0|dataout[5] ;
+--------------------+-----------+---------------+----------------------+------------------------+------------+------------------------------------------------+


+-------------------------------------------------------+
; Parameter Settings for User Entity Instance: xd:clear ;
+----------------+-------+------------------------------+
; Parameter Name ; Value ; Type                         ;
+----------------+-------+------------------------------+
; n              ; 50    ; Signed Integer               ;
+----------------+-------+------------------------------+
Note: In order to hide this table in the UI and the text report file, please set the "Show Parameter Settings in Synthesis Report" option in "Analysis and Synthesis Settings -> More Settings" to "Off".


+-------------------------------------------------------+
; Parameter Settings for User Entity Instance: xd:state ;
+----------------+-------+------------------------------+
; Parameter Name ; Value ; Type                         ;
+----------------+-------+------------------------------+
; n              ; 50    ; Signed Integer               ;
+----------------+-------+------------------------------+
Note: In order to hide this table in the UI and the text report file, please set the "Show Parameter Settings in Synthesis Report" option in "Analysis and Synthesis Settings -> More Settings" to "Off".


+-------------------------------------------------------+
; Parameter Settings for User Entity Instance: cnt:cnt0 ;
+----------------+-------+------------------------------+
; Parameter Name ; Value ; Type                         ;
+----------------+-------+------------------------------+
; n              ; 9     ; Signed Integer               ;
+----------------+-------+------------------------------+
Note: In order to hide this table in the UI and the text report file, please set the "Show Parameter Settings in Synthesis Report" option in "Analysis and Synthesis Settings -> More Settings" to "Off".


+-------------------------------------------------------+
; Parameter Settings for User Entity Instance: cnt:cnt1 ;
+----------------+-------+------------------------------+
; Parameter Name ; Value ; Type                         ;
+----------------+-------+------------------------------+
; n              ; 9     ; Signed Integer               ;
+----------------+-------+------------------------------+
Note: In order to hide this table in the UI and the text report file, please set the "Show Parameter Settings in Synthesis Report" option in "Analysis and Synthesis Settings -> More Settings" to "Off".


+-------------------------------------------------------+
; Parameter Settings for User Entity Instance: cnt:cnt2 ;
+----------------+-------+------------------------------+
; Parameter Name ; Value ; Type                         ;
+----------------+-------+------------------------------+
; n              ; 9     ; Signed Integer               ;
+----------------+-------+------------------------------+
Note: In order to hide this table in the UI and the text report file, please set the "Show Parameter Settings in Synthesis Report" option in "Analysis and Synthesis Settings -> More Settings" to "Off".


+-------------------------------------------------------+
; Parameter Settings for User Entity Instance: cnt:cnt3 ;
+----------------+-------+------------------------------+
; Parameter Name ; Value ; Type                         ;
+----------------+-------+------------------------------+
; n              ; 5     ; Signed Integer               ;
+----------------+-------+------------------------------+
Note: In order to hide this table in the UI and the text report file, please set the "Show Parameter Settings in Synthesis Report" option in "Analysis and Synthesis Settings -> More Settings" to "Off".


+----------------------------------------------------------------------------------------------------------------+
; Port Connectivity Checks: "cnt:cnt3"                                                                           ;
+------+--------+----------+-------------------------------------------------------------------------------------+
; Port ; Type   ; Severity ; Details                                                                             ;
+------+--------+----------+-------------------------------------------------------------------------------------+
; cout ; Output ; Info     ; Connected to dangling logic. Logic that only feeds a dangling port will be removed. ;
+------+--------+----------+-------------------------------------------------------------------------------------+


+----------------------------------------------------------------------------------------------------------------------+
; Port Connectivity Checks: "clock_gen:clock_10ms"                                                                     ;
+------------+--------+----------+-------------------------------------------------------------------------------------+
; Port       ; Type   ; Severity ; Details                                                                             ;
+------------+--------+----------+-------------------------------------------------------------------------------------+
; clk_us     ; Output ; Info     ; Connected to dangling logic. Logic that only feeds a dangling port will be removed. ;
; clk_100ms  ; Output ; Info     ; Connected to dangling logic. Logic that only feeds a dangling port will be removed. ;
; clk_500ms  ; Output ; Info     ; Connected to dangling logic. Logic that only feeds a dangling port will be removed. ;
; clk_second ; Output ; Info     ; Connected to dangling logic. Logic that only feeds a dangling port will be removed. ;
+------------+--------+----------+-------------------------------------------------------------------------------------+


+-----------------------------------------------------+
; Post-Synthesis Netlist Statistics for Top Partition ;
+-----------------------+-----------------------------+
; Type                  ; Count                       ;
+-----------------------+-----------------------------+
; boundary_port         ; 15                          ;
; cycloneiii_ff         ; 69                          ;
;     CLR               ; 15                          ;
;     SCLR              ; 16                          ;
;     plain             ; 38                          ;
; cycloneiii_lcell_comb ; 128                         ;
;     arith             ; 24                          ;
;         2 data inputs ; 24                          ;
;     normal            ; 104                         ;
;         1 data inputs ; 6                           ;
;         2 data inputs ; 20                          ;
;         3 data inputs ; 15                          ;
;         4 data inputs ; 63                          ;
;                       ;                             ;
; Max LUT depth         ; 4.00                        ;
; Average LUT depth     ; 2.04                        ;
+-----------------------+-----------------------------+


+-------------------------------+
; Elapsed Time Per Partition    ;
+----------------+--------------+
; Partition Name ; Elapsed Time ;
+----------------+--------------+
; Top            ; 00:00:01     ;
+----------------+--------------+


+-------------------------------+
; Analysis & Synthesis Messages ;
+-------------------------------+
Info: *******************************************************************
Info: Running Quartus Prime Analysis & Synthesis
    Info: Version 17.1.0 Build 590 10/25/2017 SJ Standard Edition
    Info: Processing started: Sat Nov 09 16:30:03 2019
Info: Command: quartus_map --read_settings_files=on --write_settings_files=off task5_sec -c task5_sec
Warning (18236): Number of processors has not been specified which may cause overloading on shared machines.  Set the global assignment NUM_PARALLEL_PROCESSORS in your QSF to an appropriate value for best performance.
Info (20030): Parallel compilation is enabled and will use 4 of the 4 processors detected
Info (12021): Found 2 design units, including 1 entities, in source file xd.vhd
    Info (12022): Found design unit 1: xd-a File: D:/VHDL/task5_sec/xd.vhd Line: 11
    Info (12023): Found entity 1: xd File: D:/VHDL/task5_sec/xd.vhd Line: 5
Info (12021): Found 2 design units, including 1 entities, in source file task5_sec.vhd
    Info (12022): Found design unit 1: task5_sec-bhv File: D:/VHDL/task5_sec/task5_sec.vhd Line: 15
    Info (12023): Found entity 1: task5_sec File: D:/VHDL/task5_sec/task5_sec.vhd Line: 5
Info (12021): Found 2 design units, including 1 entities, in source file serial_scan.vhd
    Info (12022): Found design unit 1: serial_scan-bhv File: D:/VHDL/task5_sec/serial_scan.vhd Line: 18
    Info (12023): Found entity 1: serial_scan File: D:/VHDL/task5_sec/serial_scan.vhd Line: 5
Info (12021): Found 2 design units, including 1 entities, in source file decoder.vhd
    Info (12022): Found design unit 1: decoder-bhv File: D:/VHDL/task5_sec/decoder.vhd Line: 13
    Info (12023): Found entity 1: decoder File: D:/VHDL/task5_sec/decoder.vhd Line: 4
Info (12021): Found 2 design units, including 1 entities, in source file cnt.vhd
    Info (12022): Found design unit 1: cnt-bhv File: D:/VHDL/task5_sec/cnt.vhd Line: 13
    Info (12023): Found entity 1: cnt File: D:/VHDL/task5_sec/cnt.vhd Line: 4
Info (12021): Found 2 design units, including 1 entities, in source file clock_gen.vhd
    Info (12022): Found design unit 1: clock_gen-behav File: D:/VHDL/task5_sec/clock_gen.vhd Line: 21
    Info (12023): Found entity 1: clock_gen File: D:/VHDL/task5_sec/clock_gen.vhd Line: 8
Info (12021): Found 2 design units, including 1 entities, in source file inverter.vhd
    Info (12022): Found design unit 1: inverter-bhv File: D:/VHDL/task5_sec/inverter.vhd Line: 11
    Info (12023): Found entity 1: inverter File: D:/VHDL/task5_sec/inverter.vhd Line: 4
Info (12127): Elaborating entity "task5_sec" for the top level hierarchy
Warning (10036): Verilog HDL or VHDL warning at task5_sec.vhd(97): object "cout3" assigned a value but never read File: D:/VHDL/task5_sec/task5_sec.vhd Line: 97
Info (12128): Elaborating entity "xd" for hierarchy "xd:clear" File: D:/VHDL/task5_sec/task5_sec.vhd Line: 109
Info (12128): Elaborating entity "inverter" for hierarchy "inverter:inverter0" File: D:/VHDL/task5_sec/task5_sec.vhd Line: 112
Info (12128): Elaborating entity "clock_gen" for hierarchy "clock_gen:clock_10ms" File: D:/VHDL/task5_sec/task5_sec.vhd Line: 118
Warning (10541): VHDL Signal Declaration warning at clock_gen.vhd(15): used implicit default value for signal "clk_500ms" because signal was never assigned a value or an explicit default value. Use of implicit default value may introduce unintended design optimizations. File: D:/VHDL/task5_sec/clock_gen.vhd Line: 15
Info (12128): Elaborating entity "cnt" for hierarchy "cnt:cnt0" File: D:/VHDL/task5_sec/task5_sec.vhd Line: 125
Info (12128): Elaborating entity "cnt" for hierarchy "cnt:cnt3" File: D:/VHDL/task5_sec/task5_sec.vhd Line: 143
Info (12128): Elaborating entity "decoder" for hierarchy "decoder:decoder0" File: D:/VHDL/task5_sec/task5_sec.vhd Line: 153
Info (12128): Elaborating entity "serial_scan" for hierarchy "serial_scan:serial_scan0" File: D:/VHDL/task5_sec/task5_sec.vhd Line: 172
Info (286030): Timing-Driven Synthesis is running
Info (17049): 31 registers lost all their fanouts during netlist optimizations.
Info (16010): Generating hard_block partition "hard_block:auto_generated_inst"
    Info (16011): Adding 0 node(s), including 0 DDIO, 0 PLL, 0 transceiver and 0 LCELL
Info (21057): Implemented 149 device resources after synthesis - the final resource count might be different
    Info (21058): Implemented 3 input pins
    Info (21059): Implemented 12 output pins
    Info (21061): Implemented 134 logic cells
Info: Quartus Prime Analysis & Synthesis was successful. 0 errors, 3 warnings
    Info: Peak virtual memory: 4801 megabytes
    Info: Processing ended: Sat Nov 09 16:30:19 2019
    Info: Elapsed time: 00:00:16
    Info: Total CPU time (on all processors): 00:00:33


